<?xml version="1.0" encoding="UTF-8"?>
<!-- Generated by org.testng.reporters.JUnitReportReporter -->
<testsuite hostname="DESKTOP-6CM26U6" failures="0" tests="1" name="com.orangehrm.utilities.getExcellData" time="0.924" errors="0" timestamp="2024-07-15T12:31:15 IST" skipped="0">
  <testcase classname="com.orangehrm.utilities.getExcellData" name="testExcellData" time="0.924"/>
  <system-out/>
</testsuite> <!-- com.orangehrm.utilities.getExcellData -->
